<?xml version="1.0" encoding="UTF-8"?>
<testsuite xmlns:xsi="http://www.w3.org/2001/XMLSchema-instance" xsi:noNamespaceSchemaLocation="https://maven.apache.org/surefire/maven-surefire-plugin/xsd/surefire-test-report.xsd" name="TestSuite" time="53.862" tests="2" errors="0" skipped="0" failures="1">
  <properties>
[...]
</properties>
  <testcase name="login" classname="TestPages.WebPageLoginTest" time="24.03"/>
  <testcase name="login" classname="TestPages.WebPageLoginTest" time="24.899">
    <failure message="no such element: Unable to locate element: {&quot;method&quot;:&quot;xpath&quot;,&quot;selector&quot;:&quot;//main/div/div&quot;}&#10;  (Session info: MicrosoftEdge=101.0.1210.53)&#10;For documentation on this error, please visit: https://selenium.dev/exceptions/#no_such_element&#10;Build info: version: &apos;4.1.4&apos;, revision: &apos;535d840ee2&apos;&#10;System info: host: &apos;Udits-Air&apos;, ip: &apos;fe80:0:0:0:453:2dfe:3c96:425e%en0&apos;, os.name: &apos;Mac OS X&apos;, os.arch: &apos;aarch64&apos;, os.version: &apos;12.4&apos;, java.version: &apos;17.0.1&apos;&#10;Driver info: org.openqa.selenium.edge.EdgeDriver&#10;Command: [9300c35c61a8bf692a685e91abcb968e, findElement {using=xpath, value=//main/div/div}]&#10;Capabilities {acceptInsecureCerts: false, browserName: msedge, browserVersion: 101.0.1210.53, javascriptEnabled: true, ms:edgeOptions: {debuggerAddress: localhost:51854}, msedge: {msedgedriverVersion: 101.0.1210.53 (019dbf6dd738..., userDataDir: /var/folders/nk/vsb1b27d5hg...}, networkConnectionEnabled: false, pageLoadStrategy: normal, platform: MAC, platformName: MAC, proxy: Proxy(), se:cdp: ws://localhost:51854/devtoo..., se:cdpVersion: 101.0.1210.53, setWindowRect: true, strictFileInteractability: false, timeouts: {implicit: 0, pageLoad: 300000, script: 30000}, unhandledPromptBehavior: dismiss and notify, webauthn:extension:credBlob: true, webauthn:extension:largeBlob: true, webauthn:virtualAuthenticators: true}&#10;Session ID: 9300c35c61a8bf692a685e91abcb968e" type="org.openqa.selenium.NoSuchElementException">org.openqa.selenium.NoSuchElementException: 
no such element: Unable to locate element: {"method":"xpath","selector":"//main/div/div"}
  (Session info: MicrosoftEdge=101.0.1210.53)
For documentation on this error, please visit: https://selenium.dev/exceptions/#no_such_element
Build info: version: '4.1.4', revision: '535d840ee2'
System info: host: 'Udits-Air', ip: 'fe80:0:0:0:453:2dfe:3c96:425e%en0', os.name: 'Mac OS X', os.arch: 'aarch64', os.version: '12.4', java.version: '17.0.1'
Driver info: org.openqa.selenium.edge.EdgeDriver
Command: [9300c35c61a8bf692a685e91abcb968e, findElement {using=xpath, value=//main/div/div}]
Capabilities {acceptInsecureCerts: false, browserName: msedge, browserVersion: 101.0.1210.53, javascriptEnabled: true, ms:edgeOptions: {debuggerAddress: localhost:51854}, msedge: {msedgedriverVersion: 101.0.1210.53 (019dbf6dd738..., userDataDir: /var/folders/nk/vsb1b27d5hg...}, networkConnectionEnabled: false, pageLoadStrategy: normal, platform: MAC, platformName: MAC, proxy: Proxy(), se:cdp: ws://localhost:51854/devtoo..., se:cdpVersion: 101.0.1210.53, setWindowRect: true, strictFileInteractability: false, timeouts: {implicit: 0, pageLoad: 300000, script: 30000}, unhandledPromptBehavior: dismiss and notify, webauthn:extension:credBlob: true, webauthn:extension:largeBlob: true, webauthn:virtualAuthenticators: true}
Session ID: 9300c35c61a8bf692a685e91abcb968e
	at TestPages.WebPageLoginTest.login(WebPageLoginTest.java:39)
</failure>
    <system-out><![CDATA[Registered User
]]></system-out>
  </testcase>
</testsuite>